INFO - __main__ - create_url() - 39 - Url to scrap: https://finance.yahoo.com/quote/TSLA/key-statistics?p=TSLA
INFO - __main__ - get_response() - 48 - Selected url: https://finance.yahoo.com/quote/TSLA/key-statistics?p=TSLA
INFO - __main__ - check_response() - 54 - Response was successful: <Response [200]>
INFO - __main__ - soup_the_response() - 61 - The response was souped, and a soup object was created.
INFO - __main__ - output_content_as_html() - 67 - Content file created: output.html
INFO - __main__ - match_title() - 74 - Selected search criteria (html format): Mstart(a) Mend(a)
INFO - __main__ - match_title() - 77 - Selected class (html format): Mstart(a) Mend(a)
INFO - __main__ - match_title() - 78 - Class Title: Valuation Measures
INFO - __main__ - match_keys() - 88 - Name list is empty, something went wrong.
INFO - __main__ - match_values() - 102 - Value list created:['628.58B', '623.99B', '1,023.23', '118.64', '4.95', '19.93', '28.29', '19.79', '146.03', '2.06', '653.95%', '65.26%', '900.40', '82.10', '737.09', '596.94', '36.16M', '35.32M', '959.85M', '771.32M', '19.99%', '42.53%', '44M', '1.59', '5.70%', '4.58%', '52.38M', 'N/A', 'N/A', 'N/A', 'N/A', 'N/A', '0.00%', 'N/A', 'N/A', '5:1', 'Aug 30, 2020', 'Dec 30, 2020', 'Dec 30, 2020', '2.29%', '6.19%', '2.82%', '5.42%', '31.54B', '33.80', '45.50%', '6.63B', '4.27B', '690M', '0.64', '157.10%', '19.38B', '20.19', '13.34B', '56.32', '1.88', '23.15', '5.94B', '3.4B']
DEBUG - __main__ - parse_list() - 111 - The first 9 elements from ['628.58B', '623.99B', '1,023.23', '118.64', '4.95', '19.93', '28.29', '19.79', '146.03', '2.06', '653.95%', '65.26%', '900.40', '82.10', '737.09', '596.94', '36.16M', '35.32M', '959.85M', '771.32M', '19.99%', '42.53%', '44M', '1.59', '5.70%', '4.58%', '52.38M', 'N/A', 'N/A', 'N/A', 'N/A', 'N/A', '0.00%', 'N/A', 'N/A', '5:1', 'Aug 30, 2020', 'Dec 30, 2020', 'Dec 30, 2020', '2.29%', '6.19%', '2.82%', '5.42%', '31.54B', '33.80', '45.50%', '6.63B', '4.27B', '690M', '0.64', '157.10%', '19.38B', '20.19', '13.34B', '56.32', '1.88', '23.15', '5.94B', '3.4B'] will be taken
DEBUG - __main__ - parse_list() - 112 - Elements in the parsed list: ['628.58B', '623.99B', '1,023.23', '118.64', '4.95', '19.93', '28.29', '19.79', '146.03']
INFO - __main__ - match_values() - 104 - Parsed list created:['628.58B', '623.99B', '1,023.23', '118.64', '4.95', '19.93', '28.29', '19.79', '146.03']
INFO - __main__ - convert_values() - 142 - id: 0 for item: 628.58B
INFO - __main__ - convert_values() - 145 - A conversion will be necessary for 628.58B
INFO - __main__ - convert_values() - 146 - Conversion factor 1000000000
INFO - __main__ - convert_values() - 147 - Old value: 628.58B
New value: 628580000000.0
INFO - __main__ - convert_values() - 142 - id: 1 for item: 623.99B
INFO - __main__ - convert_values() - 145 - A conversion will be necessary for 623.99B
INFO - __main__ - convert_values() - 146 - Conversion factor 1000000000
INFO - __main__ - convert_values() - 147 - Old value: 623.99B
New value: 623990000000.0
INFO - __main__ - convert_values() - 154 - id: 3 for item:118.64
INFO - __main__ - convert_values() - 154 - id: 4 for item:4.95
INFO - __main__ - convert_values() - 154 - id: 5 for item:19.93
INFO - __main__ - convert_values() - 154 - id: 6 for item:28.29
INFO - __main__ - convert_values() - 154 - id: 7 for item:19.79
INFO - __main__ - convert_values() - 154 - id: 8 for item:146.03
INFO - __main__ - convert_values() - 157 - Converted list:[628580000000.0, 623990000000.0, 1023.23, 118.6, 4.9, 19.9, 28.2, 19.7, 146.0]
DEBUG - __main__ - match_values() - 106 - Value list (parsed & converted):[628580000000.0, 623990000000.0, 1023.23, 118.6, 4.9, 19.9, 28.2, 19.7, 146.0]
INFO - __main__ - create_main_dictionary() - 118 - Zipped dictionary: {'TSLA': {'Valuation Measures': {}}}
INFO - __main__ - dict_to_json() - 123 - Created .json file: TSLA.json
